<?xml version="1.0" encoding="UTF-8"?>
<testsuite xmlns:xsi="http://www.w3.org/2001/XMLSchema-instance" xsi:noNamespaceSchemaLocation="https://maven.apache.org/surefire/maven-surefire-plugin/xsd/surefire-test-report-3.0.xsd" version="3.0" name="com.example.socialmedia.SocialMediaApplicationTests" time="6.741" tests="1" errors="0" skipped="0" failures="0">
  <properties>
[...]
</properties>
  <testcase name="contextLoads" classname="com.example.socialmedia.SocialMediaApplicationTests" time="1.079">
    <system-out><![CDATA[23:25:23.859 [main] INFO org.springframework.test.context.support.AnnotationConfigContextLoaderUtils -- Could not detect default configuration classes for test class [com.example.socialmedia.SocialMediaApplicationTests]: SocialMediaApplicationTests does not declare any static, non-private, non-final, nested classes annotated with @Configuration.
23:25:23.991 [main] INFO org.springframework.boot.test.context.SpringBootTestContextBootstrapper -- Found @SpringBootConfiguration com.example.socialmedia.SocialMediaApplication for test class com.example.socialmedia.SocialMediaApplicationTests
23:25:24.211 [main] INFO org.springframework.boot.devtools.restart.RestartApplicationListener -- Restart disabled due to context in which it is running

  .   ____          _            __ _ _
 /\\ / ___'_ __ _ _(_)_ __  __ _ \ \ \ \
( ( )\___ | '_ | '_| | '_ \/ _` | \ \ \ \
 \\/  ___)| |_)| | | | | || (_| |  ) ) ) )
  '  |____| .__|_| |_|_| |_\__, | / / / /
 =========|_|==============|___/=/_/_/_/
 :: Spring Boot ::                (v3.2.5)

2024-04-30T23:25:24.561+05:30  INFO 10448 --- [socialMedia] [           main] c.e.s.SocialMediaApplicationTests        : Starting SocialMediaApplicationTests using Java 21.0.3 with PID 10448 (started by Vidhi in C:\Users\Vidhi\IdeaProjects\socialMedia)
2024-04-30T23:25:24.561+05:30  INFO 10448 --- [socialMedia] [           main] c.e.s.SocialMediaApplicationTests        : No active profile set, falling back to 1 default profile: "default"
2024-04-30T23:25:25.556+05:30  INFO 10448 --- [socialMedia] [           main] .s.d.r.c.RepositoryConfigurationDelegate : Multiple Spring Data modules found, entering strict repository configuration mode
2024-04-30T23:25:25.556+05:30  INFO 10448 --- [socialMedia] [           main] .s.d.r.c.RepositoryConfigurationDelegate : Bootstrapping Spring Data JDBC repositories in DEFAULT mode.
2024-04-30T23:25:25.606+05:30  INFO 10448 --- [socialMedia] [           main] .RepositoryConfigurationExtensionSupport : Spring Data JDBC - Could not safely identify store assignment for repository candidate interface com.example.socialmedia.Repository.CommentRepository; If you want this repository to be a JDBC repository, consider annotating your entities with one of these annotations: org.springframework.data.relational.core.mapping.Table.
2024-04-30T23:25:25.606+05:30  INFO 10448 --- [socialMedia] [           main] .RepositoryConfigurationExtensionSupport : Spring Data JDBC - Could not safely identify store assignment for repository candidate interface com.example.socialmedia.Repository.PostRepository; If you want this repository to be a JDBC repository, consider annotating your entities with one of these annotations: org.springframework.data.relational.core.mapping.Table.
2024-04-30T23:25:25.606+05:30  INFO 10448 --- [socialMedia] [           main] .RepositoryConfigurationExtensionSupport : Spring Data JDBC - Could not safely identify store assignment for repository candidate interface com.example.socialmedia.Repository.UserRepository; If you want this repository to be a JDBC repository, consider annotating your entities with one of these annotations: org.springframework.data.relational.core.mapping.Table.
2024-04-30T23:25:25.606+05:30  INFO 10448 --- [socialMedia] [           main] .s.d.r.c.RepositoryConfigurationDelegate : Finished Spring Data repository scanning in 42 ms. Found 0 JDBC repository interfaces.
2024-04-30T23:25:25.617+05:30  INFO 10448 --- [socialMedia] [           main] .s.d.r.c.RepositoryConfigurationDelegate : Multiple Spring Data modules found, entering strict repository configuration mode
2024-04-30T23:25:25.617+05:30  INFO 10448 --- [socialMedia] [           main] .s.d.r.c.RepositoryConfigurationDelegate : Bootstrapping Spring Data JPA repositories in DEFAULT mode.
2024-04-30T23:25:25.650+05:30  INFO 10448 --- [socialMedia] [           main] .s.d.r.c.RepositoryConfigurationDelegate : Finished Spring Data repository scanning in 28 ms. Found 3 JPA repository interfaces.
2024-04-30T23:25:26.170+05:30  INFO 10448 --- [socialMedia] [           main] o.hibernate.jpa.internal.util.LogHelper  : HHH000204: Processing PersistenceUnitInfo [name: default]
2024-04-30T23:25:26.277+05:30  INFO 10448 --- [socialMedia] [           main] org.hibernate.Version                    : HHH000412: Hibernate ORM core version 6.4.4.Final
2024-04-30T23:25:26.325+05:30  INFO 10448 --- [socialMedia] [           main] o.h.c.internal.RegionFactoryInitiator    : HHH000026: Second-level cache disabled
2024-04-30T23:25:26.599+05:30  INFO 10448 --- [socialMedia] [           main] o.s.o.j.p.SpringPersistenceUnitInfo      : No LoadTimeWeaver setup: ignoring JPA class transformer
2024-04-30T23:25:26.684+05:30  INFO 10448 --- [socialMedia] [           main] com.zaxxer.hikari.HikariDataSource       : HikariPool-1 - Starting...
2024-04-30T23:25:26.970+05:30  INFO 10448 --- [socialMedia] [           main] com.zaxxer.hikari.pool.HikariPool        : HikariPool-1 - Added connection conn0: url=jdbc:h2:mem:testdb user=SA
2024-04-30T23:25:26.970+05:30  INFO 10448 --- [socialMedia] [           main] com.zaxxer.hikari.HikariDataSource       : HikariPool-1 - Start completed.
2024-04-30T23:25:27.018+05:30  WARN 10448 --- [socialMedia] [           main] org.hibernate.orm.deprecation            : HHH90000025: H2Dialect does not need to be specified explicitly using 'hibernate.dialect' (remove the property setting and it will be selected by default)
2024-04-30T23:25:27.979+05:30  INFO 10448 --- [socialMedia] [           main] o.h.e.t.j.p.i.JtaPlatformInitiator       : HHH000489: No JTA platform available (set 'hibernate.transaction.jta.platform' to enable JTA platform integration)
Hibernate: 
    create table comment (
        "comment id" integer not null,
        "comment body" varchar(255),
        "post id" integer,
        "user id" integer,
        primary key ("comment id")
    )
Hibernate: 
    create table posts (
        postid integer not null,
        date DATE,
        post_body varchar(255),
        "user_user id" integer,
        primary key (postid)
    )
Hibernate: 
    create table users (
        "user id" integer not null,
        email varchar(255) not null,
        name varchar(255) not null,
        password varchar(255) not null,
        primary key ("user id")
    )
Hibernate: 
    alter table if exists users 
       drop constraint if exists UK_6dotkott2kjsp8vw4d0m25fb7
Hibernate: 
    alter table if exists users 
       add constraint UK_6dotkott2kjsp8vw4d0m25fb7 unique (email)
Hibernate: 
    create sequence comment_seq start with 1 increment by 50
Hibernate: 
    create sequence posts_seq start with 1 increment by 50
Hibernate: 
    create sequence users_seq start with 1 increment by 50
Hibernate: 
    alter table if exists comment 
       add constraint FKfjg55969ieluxi6hqkpt1xfm2 
       foreign key ("post id") 
       references posts
Hibernate: 
    alter table if exists comment 
       add constraint FKlvnogfwsi8do3t3cxmf4tt0x6 
       foreign key ("user id") 
       references users
Hibernate: 
    alter table if exists posts 
       add constraint FK9qfq2ssosjr6gipxo2quycq9p 
       foreign key ("user_user id") 
       references users
2024-04-30T23:25:28.026+05:30  INFO 10448 --- [socialMedia] [           main] j.LocalContainerEntityManagerFactoryBean : Initialized JPA EntityManagerFactory for persistence unit 'default'
2024-04-30T23:25:28.702+05:30  WARN 10448 --- [socialMedia] [           main] JpaBaseConfiguration$JpaWebConfiguration : spring.jpa.open-in-view is enabled by default. Therefore, database queries may be performed during view rendering. Explicitly configure spring.jpa.open-in-view to disable this warning
2024-04-30T23:25:29.263+05:30  INFO 10448 --- [socialMedia] [           main] o.s.b.a.h2.H2ConsoleAutoConfiguration    : H2 console available at '/h2'. Database available at 'jdbc:h2:mem:testdb'
2024-04-30T23:25:29.329+05:30  INFO 10448 --- [socialMedia] [           main] c.e.s.SocialMediaApplicationTests        : Started SocialMediaApplicationTests in 5.135 seconds (process running for 6.346)
]]></system-out>
    <system-err><![CDATA[WARNING: A Java agent has been loaded dynamically (C:\Users\Vidhi\.m2\repository\net\bytebuddy\byte-buddy-agent\1.14.13\byte-buddy-agent-1.14.13.jar)
WARNING: If a serviceability tool is in use, please run with -XX:+EnableDynamicAgentLoading to hide this warning
WARNING: If a serviceability tool is not in use, please run with -Djdk.instrument.traceUsage for more information
WARNING: Dynamic loading of agents will be disallowed by default in a future release
]]></system-err>
  </testcase>
</testsuite>